\BOOKMARK [0][-]{section*.1}{\376\377\144\130\211\201}{}% 1
\BOOKMARK [0][-]{section*.2}{\376\377\000A\000b\000s\000t\000r\000a\000c\000t}{}% 2
\BOOKMARK [0][-]{chapter.1}{\376\377\173\054\116\000\172\340\000\040\000\040\176\352\213\272}{}% 3
\BOOKMARK [1][-]{section.1.1}{\376\377\0001\000.\0001\000\040\170\024\172\166\213\376\230\230\166\204\200\314\146\157\116\016\141\017\116\111}{chapter.1}% 4
\BOOKMARK [1][-]{section.1.2}{\376\377\0001\000.\0002\000\040\122\251\122\233\131\026\232\250\232\274\166\204\170\024\172\166\163\260\162\266}{chapter.1}% 5
\BOOKMARK [2][-]{subsection.1.2.1}{\376\377\0001\000.\0002\000.\0001\000\040\122\251\122\233\131\026\232\250\232\274\166\204\126\375\131\026\170\024\172\166\163\260\162\266}{section.1.2}% 6
\BOOKMARK [2][-]{subsection.1.2.2}{\376\377\0001\000.\0002\000.\0002\000\040\122\251\122\233\131\026\232\250\232\274\166\204\126\375\121\205\170\024\172\166\163\260\162\266}{section.1.2}% 7
\BOOKMARK [1][-]{section.1.3}{\376\377\0001\000.\0003\000\040\131\026\232\250\232\274\143\247\122\066\145\271\154\325\166\204\170\024\172\166\163\260\162\266}{chapter.1}% 8
\BOOKMARK [1][-]{section.1.4}{\376\377\0001\000.\0004\000\040\040\034\116\272\127\050\163\257\116\055\040\035\131\026\232\250\232\274\117\030\123\026\166\204\170\024\172\166\163\260\162\266}{chapter.1}% 9
\BOOKMARK [1][-]{section.1.5}{\376\377\0001\000.\0005\000\040\147\054\145\207\116\073\211\201\170\024\172\166\121\205\133\271}{chapter.1}% 10
\BOOKMARK [0][-]{chapter.2}{\376\377\173\054\116\214\172\340\000\040\000\040\131\026\232\250\232\274\145\160\143\156\221\307\226\306\116\016\153\145\140\001\122\006\147\220\174\373\176\337}{}% 11
\BOOKMARK [1][-]{section.2.1}{\376\377\0002\000.\0001\000\040\000M\000i\000c\000r\000o\000L\000a\000b\000B\000o\000x\143\247\122\066\126\150}{chapter.2}% 12
\BOOKMARK [2][-]{subsection.2.1.1}{\376\377\0002\000.\0001\000.\0001\000\040\000M\000i\000c\000r\000o\000L\000a\000b\000B\000o\000x\166\204\170\154\116\366\136\163\123\360}{section.2.1}% 13
\BOOKMARK [2][-]{subsection.2.1.2}{\376\377\0002\000.\0001\000.\0002\000\040\000M\000i\000c\000r\000o\000L\000a\000b\000B\000o\000x\166\204\217\157\116\366\136\163\123\360}{section.2.1}% 14
\BOOKMARK [1][-]{section.2.2}{\376\377\0002\000.\0002\000\040\131\026\232\250\232\274\122\233\167\351\155\113\221\317}{chapter.2}% 15
\BOOKMARK [1][-]{section.2.3}{\376\377\0002\000.\0003\000\040\153\145\140\001\122\006\147\220\116\016\153\145\140\001\124\150\147\037\155\113\221\317}{chapter.2}% 16
\BOOKMARK [2][-]{subsection.2.3.1}{\376\377\0002\000.\0003\000.\0001\000\040\116\272\117\123\116\013\200\242\217\320\122\250\153\145\140\001\122\006\147\220}{section.2.3}% 17
\BOOKMARK [2][-]{subsection.2.3.2}{\376\377\0002\000.\0003\000.\0002\000\040\127\372\116\216\215\263\136\225\137\000\121\163\166\204\153\145\140\001\124\150\147\037\155\113\221\317}{section.2.3}% 18
\BOOKMARK [1][-]{section.2.4}{\376\377\0002\000.\0004\000\040\000I\000M\000U\116\016\116\272\117\123\131\377\140\001\155\113\221\317}{chapter.2}% 19
\BOOKMARK [2][-]{subsection.2.4.1}{\376\377\0002\000.\0004\000.\0001\000\040\000I\000M\000U\123\237\164\006\116\016\000K\000a\000l\000m\000a\000n\156\344\154\342}{section.2.4}% 20
\BOOKMARK [2][-]{subsection.2.4.2}{\376\377\0002\000.\0004\000.\0002\000\040\000I\000M\000U\131\377\140\001\211\343\173\227\116\016\145\160\143\156\207\215\124\010}{section.2.4}% 21
\BOOKMARK [2][-]{subsection.2.4.3}{\376\377\0002\000.\0004\000.\0003\000\040\131\377\140\001\221\307\226\306\174\373\176\337\213\276\213\241}{section.2.4}% 22
\BOOKMARK [1][-]{section.2.5}{\376\377\0002\000.\0005\000\040\200\214\165\065\117\341\123\367\221\307\226\306\116\016\131\004\164\006}{chapter.2}% 23
\BOOKMARK [2][-]{subsection.2.5.1}{\376\377\0002\000.\0005\000.\0001\000\040\200\214\165\065\117\341\123\367\123\237\164\006}{section.2.5}% 24
\BOOKMARK [2][-]{subsection.2.5.2}{\376\377\0002\000.\0005\000.\0002\000\040\000s\000E\000M\000G\117\341\123\367\166\204\221\307\226\306\116\016\131\004\164\006}{section.2.5}% 25
\BOOKMARK [1][-]{section.2.6}{\376\377\0002\000.\0006\000\040\147\054\172\340\134\017\176\323}{chapter.2}% 26
\BOOKMARK [0][-]{chapter.3}{\376\377\173\054\116\011\172\340\000\040\000\040\131\026\232\250\232\274\122\233\167\351\143\247\122\066}{}% 27
\BOOKMARK [1][-]{section.3.1}{\376\377\0003\000.\0001\000\040\131\026\232\250\232\274\174\373\176\337\122\250\122\233\133\146\136\372\152\041}{chapter.3}% 28
\BOOKMARK [2][-]{subsection.3.1.1}{\376\377\0003\000.\0001\000.\0001\000\040\165\065\147\072\122\250\122\233\133\146\152\041\127\213}{section.3.1}% 29
\BOOKMARK [2][-]{subsection.3.1.2}{\376\377\0003\000.\0001\000.\0002\000\040\117\040\122\250\152\041\127\213}{section.3.1}% 30
\BOOKMARK [2][-]{subsection.3.1.3}{\376\377\0003\000.\0001\000.\0003\000\040\122\233\000-\117\115\177\156\121\163\174\373}{section.3.1}% 31
\BOOKMARK [2][-]{subsection.3.1.4}{\376\377\0003\000.\0001\000.\0004\000\040\122\233\167\351\000-\211\322\136\246\121\163\174\373}{section.3.1}% 32
\BOOKMARK [2][-]{subsection.3.1.5}{\376\377\0003\000.\0001\000.\0005\000\040\131\026\232\250\232\274\121\163\202\202\122\250\122\233\133\146\152\041\127\213}{section.3.1}% 33
\BOOKMARK [1][-]{section.3.2}{\376\377\0003\000.\0002\000\040\147\037\147\033\122\233\167\351\146\362\176\277\165\037\142\020}{chapter.3}% 34
\BOOKMARK [1][-]{section.3.3}{\376\377\0003\000.\0003\000\040\136\225\134\102\143\247\122\066\173\227\154\325}{chapter.3}% 35
\BOOKMARK [2][-]{subsection.3.3.1}{\376\377\0003\000.\0003\000.\0001\000\040\000P\000D\123\315\231\210\143\247\122\066}{section.3.3}% 36
\BOOKMARK [2][-]{subsection.3.3.2}{\376\377\0003\000.\0003\000.\0002\000\040\122\115\231\210\143\247\122\066}{section.3.3}% 37
\BOOKMARK [2][-]{subsection.3.3.3}{\376\377\0003\000.\0003\000.\0003\000\040\217\355\116\343\133\146\116\140\143\247\122\066}{section.3.3}% 38
\BOOKMARK [1][-]{section.3.4}{\376\377\0003\000.\0004\000\040\122\233\167\351\143\247\122\066\133\236\232\214\116\016\122\006\147\220}{chapter.3}% 39
\BOOKMARK [2][-]{subsection.3.4.1}{\376\377\0003\000.\0004\000.\0001\000\040\147\054\172\340\134\017\176\323}{section.3.4}% 40
\BOOKMARK [0][-]{chapter.4}{\376\377\173\054\126\333\172\340\000\040\000\040\040\034\116\272\127\050\163\257\116\055\040\035\166\204\131\026\232\250\232\274\117\030\123\026}{}% 41
\BOOKMARK [1][-]{section.4.1}{\376\377\0004\000.\0001\000\040\215\035\123\366\145\257\117\030\123\026}{chapter.4}% 42
\BOOKMARK [2][-]{subsection.4.1.1}{\376\377\0004\000.\0001\000.\0001\000\040\232\330\145\257\217\307\172\013\152\041\127\213}{section.4.1}% 43
\BOOKMARK [2][-]{subsection.4.1.2}{\376\377\0004\000.\0001\000.\0002\000\040\221\307\226\306\121\375\145\160}{section.4.1}% 44
\BOOKMARK [2][-]{subsection.4.1.3}{\376\377\0004\000.\0001\000.\0003\000\040\215\035\123\366\145\257\117\030\123\026\173\227\154\325}{section.4.1}% 45
\BOOKMARK [1][-]{section.4.2}{\376\377\0004\000.\0002\000\040\127\372\116\216\200\214\200\211\157\300\155\073\143\007\150\007\166\204\165\037\164\006\123\315\231\210\117\341\123\367}{chapter.4}% 46
\BOOKMARK [1][-]{section.4.3}{\376\377\0004\000.\0003\000\040\040\034\116\272\127\050\163\257\116\055\040\035\166\204\131\026\232\250\232\274\122\251\122\233\123\302\145\160\117\030\123\026\133\236\232\214}{chapter.4}% 47
\BOOKMARK [1][-]{section.4.4}{\376\377\0004\000.\0004\000\040\147\054\172\340\134\017\176\323}{chapter.4}% 48
\BOOKMARK [0][-]{chapter.5}{\376\377\173\054\116\224\172\340\000\040\000\040\176\323\213\272}{}% 49
\BOOKMARK [1][-]{section.5.1}{\376\377\0005\000.\0001\000\040\170\024\172\166\121\205\133\271\140\073\176\323}{chapter.5}% 50
\BOOKMARK [1][-]{section.5.2}{\376\377\0005\000.\0002\000\040\213\376\230\230\134\125\147\033}{chapter.5}% 51
\BOOKMARK [0][-]{section*.54}{\376\377\123\302\200\003\145\207\163\056}{}% 52
\BOOKMARK [0][-]{appendix*.56}{\376\377\201\364\214\042}{}% 53
